<?xml version="1.0" encoding="UTF-8"?>
<!-- Generated by org.testng.reporters.JUnitReportReporter -->
<testsuite hostname="LAPTOP-QUQM65KE" failures="0" tests="1" name="test.BaseClass" time="0.016" errors="0" timestamp="26 Apr 2021 03:58:28 GMT">
  <testcase classname="test.BaseClass" name="test" time="0.016"/>
</testsuite> <!-- test.BaseClass -->
