<?xml version="1.0" encoding="UTF-8"?>
<!-- Generated by org.testng.reporters.JUnitReportReporter -->
<testsuite hostname="LAPTOP-QUQM65KE" failures="0" tests="1" name="appiumTest.scoreTest" time="11.924" errors="0" timestamp="25 Apr 2021 03:45:38 GMT">
  <testcase classname="appiumTest.scoreTest" name="test" time="11.924"/>
</testsuite> <!-- appiumTest.scoreTest -->
