<?xml version="1.0" encoding="UTF-8"?>
<!-- Generated by org.testng.reporters.JUnitReportReporter -->
<testsuite hostname="LAPTOP-QUQM65KE" failures="0" tests="1" name="test.ScoreTest" time="79.287" errors="0" timestamp="30 Apr 2021 03:20:54 GMT">
  <testcase classname="test.ScoreTest" name="verifyTeamLeague" time="79.287"/>
</testsuite> <!-- test.ScoreTest -->
